Fetching registry information from https://github.com/microsoft/vcpkg (HEAD)...
Detecting compiler hash for triplet x64-windows...
Compiler found: C:/Program Files/Microsoft Visual Studio/2022/Community/VC/Tools/MSVC/14.36.32532/bin/Hostx64/x64/cl.exe
The following packages will be built and installed:
    fmt:x64-windows@10.2.1#2 -- C:\Users\hp\AppData\Local\vcpkg\registries\git-trees\f6f4efa01a5e9ac627f0c6687af8b6b317fbbe42
  * vcpkg-cmake:x64-windows@2024-04-18 -- C:\Users\hp\AppData\Local\vcpkg\registries\git-trees\a10a94e8d0071ed4804d40d0f0f0c5e4e7180afd
  * vcpkg-cmake-config:x64-windows@2022-02-06#1 -- C:\Users\hp\AppData\Local\vcpkg\registries\git-trees\8d54cc4f487d51b655abec5f9c9c3f86ca83311f
Additional packages (*) will be modified to complete this operation.
Restored 3 package(s) from C:\Users\hp\AppData\Local\vcpkg\archives in 331 ms. Use --debug to see more details.
Installing 1/3 vcpkg-cmake-config:x64-windows@2022-02-06#1...
Elapsed time to handle vcpkg-cmake-config:x64-windows: 6.8 ms
vcpkg-cmake-config:x64-windows package ABI: bec99870fee60a7a08fda6bf8a5ecb9dcb9d38878da9362531a295e026b64921
Installing 2/3 vcpkg-cmake:x64-windows@2024-04-18...
Elapsed time to handle vcpkg-cmake:x64-windows: 24 ms
vcpkg-cmake:x64-windows package ABI: 0838985710d1af7324dce89f06e916285d2863aceefaea252a543a85298f7bd5
Installing 3/3 fmt:x64-windows@10.2.1#2...
Elapsed time to handle fmt:x64-windows: 19.3 ms
fmt:x64-windows package ABI: a921fdb4e66c2b6d68aa9fdf5c7342c121fa621820fbf7b46d463f2dd0b0bf67
Total install time: 50.2 ms
The package fmt provides CMake targets:

    find_package(fmt CONFIG REQUIRED)
    target_link_libraries(main PRIVATE fmt::fmt)

    # Or use the header-only version
    find_package(fmt CONFIG REQUIRED)
    target_link_libraries(main PRIVATE fmt::fmt-header-only)

