Detecting compiler hash for triplet x64-windows...
Compiler found: C:/Program Files/Microsoft Visual Studio/2022/Community/VC/Tools/MSVC/14.36.32532/bin/Hostx64/x64/cl.exe
Detecting compiler hash for triplet x64-windows-static...
Compiler found: C:/Program Files/Microsoft Visual Studio/2022/Community/VC/Tools/MSVC/14.36.32532/bin/Hostx64/x64/cl.exe
The following packages will be removed:
    sdl2:x64-windows
The following packages will be built and installed:
    sdl2:x64-windows-static@2.30.3#1 -- C:\Users\hp\AppData\Local\vcpkg\registries\git-trees\c85881901055bd799fb681fa24054a79f28f3d60
Restored 0 package(s) from C:\Users\hp\AppData\Local\vcpkg\archives in 1.3 ms. Use --debug to see more details.
Removing 1/2 sdl2:x64-windows
Elapsed time to handle sdl2:x64-windows: 54.9 ms
Installing 2/2 sdl2:x64-windows-static@2.30.3#1...
Building sdl2:x64-windows-static@2.30.3#1...
C:\Users\hp\AppData\Local\vcpkg\registries\git-trees\c85881901055bd799fb681fa24054a79f28f3d60: info: installing overlay port from here
-- Using cached libsdl-org-SDL-release-2.30.3.tar.gz.
-- Cleaning sources at D:/tools/vcpkg/buildtrees/sdl2/src/ase-2.30.3-180151d870.clean. Use --editable to skip cleaning for the packages you specify.
-- Extracting source D:/tools/vcpkg/downloads/libsdl-org-SDL-release-2.30.3.tar.gz
-- Applying patch deps.patch
-- Applying patch alsa-dep-fix.patch
-- Using source at D:/tools/vcpkg/buildtrees/sdl2/src/ase-2.30.3-180151d870.clean
-- Found external ninja('1.11.0').
-- Configuring x64-windows-static
CMake Warning at D:/github/study_note/sdl/build/vcpkg_installed/x64-windows/share/vcpkg-cmake/vcpkg_cmake_configure.cmake:344 (message):
  The following variables are not used in CMakeLists.txt:

      CMAKE_DISABLE_FIND_PACKAGE_ALSA
      CMAKE_REQUIRE_FIND_PACKAGE_ALSA

  Please recheck them and remove the unnecessary options from the
  `vcpkg_cmake_configure` call.

  If these options should still be passed for whatever reason, please use the
  `MAYBE_UNUSED_VARIABLES` argument.
Call Stack (most recent call first):
  C:/Users/hp/AppData/Local/vcpkg/registries/git-trees/c85881901055bd799fb681fa24054a79f28f3d60/portfile.cmake:43 (vcpkg_cmake_configure)
  scripts/ports.cmake:192 (include)


-- Building x64-windows-static-dbg
-- Building x64-windows-static-rel
-- Fixing pkgconfig file: D:/tools/vcpkg/packages/sdl2_x64-windows-static/lib/pkgconfig/sdl2.pc
-- Using cached msys2-mingw-w64-x86_64-pkgconf-1~2.2.0-1-any.pkg.tar.zst.
-- Using cached msys2-msys2-runtime-3.5.3-3-x86_64.pkg.tar.zst.
-- Using msys root at D:/tools/vcpkg/downloads/tools/msys2/1e74ca60daa10104
-- Fixing pkgconfig file: D:/tools/vcpkg/packages/sdl2_x64-windows-static/debug/lib/pkgconfig/sdl2.pc
-- Installing: D:/tools/vcpkg/packages/sdl2_x64-windows-static/share/sdl2/usage
-- Installing: D:/tools/vcpkg/packages/sdl2_x64-windows-static/share/sdl2/copyright
-- Performing post-build validation
Stored binaries in 1 destinations in 10 s.
Elapsed time to handle sdl2:x64-windows-static: 3.7 min
sdl2:x64-windows-static package ABI: 5a074cfb0f307596ec66de8f489a73bcf68106324f9a3d6de8bc2a48de2981c9
Total install time: 3.7 min
sdl2 provides CMake targets:

    find_package(SDL2 CONFIG REQUIRED)
    target_link_libraries(main
        PRIVATE
        $<TARGET_NAME_IF_EXISTS:SDL2::SDL2main>
        $<IF:$<TARGET_EXISTS:SDL2::SDL2>,SDL2::SDL2,SDL2::SDL2-static>
    )

